TN:
SF:src/backend/internalConfig.js
FN:365,validateActiveNativeAddonIds
FNF:1
FNH:0
FNDA:0,validateActiveNativeAddonIds
DA:16,1
DA:34,1
DA:65,1
DA:79,1
DA:88,1
DA:96,1
DA:192,1
DA:208,1
DA:216,1
DA:238,1
DA:246,1
DA:253,1
DA:258,1
DA:265,1
DA:275,1
DA:285,1
DA:298,1
DA:304,1
DA:314,1
DA:323,1
DA:338,1
DA:351,1
DA:356,1
DA:363,1
DA:366,0
DA:367,0
DA:369,0
DA:370,0
DA:371,0
DA:375,0
LF:30
LH:24
BRDA:370,0,0,0
BRDA:370,0,1,0
BRDA:370,1,0,0
BRDA:370,1,1,0
BRF:4
BRH:0
end_of_record
TN:
SF:tests/mocks/wixData.js
FN:11,(anonymous_0)
FN:23,(anonymous_1)
FN:28,(anonymous_2)
FN:40,(anonymous_3)
FN:44,(anonymous_4)
FN:51,(anonymous_5)
FN:53,(anonymous_6)
FN:57,(anonymous_7)
FN:66,(anonymous_8)
FN:68,(anonymous_9)
FN:78,(anonymous_10)
FN:80,(anonymous_11)
FN:89,(anonymous_12)
FN:91,(anonymous_13)
FNF:14
FNH:1
FNDA:64,(anonymous_0)
FNDA:0,(anonymous_1)
FNDA:0,(anonymous_2)
FNDA:0,(anonymous_3)
FNDA:0,(anonymous_4)
FNDA:0,(anonymous_5)
FNDA:0,(anonymous_6)
FNDA:0,(anonymous_7)
FNDA:0,(anonymous_8)
FNDA:0,(anonymous_9)
FNDA:0,(anonymous_10)
FNDA:0,(anonymous_11)
FNDA:0,(anonymous_12)
FNDA:0,(anonymous_13)
DA:6,1
DA:7,1
DA:9,1
DA:12,64
DA:13,64
DA:14,64
DA:15,64
DA:16,64
DA:17,64
DA:18,64
DA:19,64
DA:24,0
DA:28,0
DA:41,0
DA:42,0
DA:45,0
DA:46,0
DA:52,0
DA:53,0
DA:58,0
DA:59,0
DA:60,0
DA:61,0
DA:62,0
DA:67,0
DA:68,0
DA:69,0
DA:70,0
DA:72,0
DA:73,0
DA:74,0
DA:79,0
DA:80,0
DA:81,0
DA:82,0
DA:84,0
DA:85,0
DA:90,0
DA:91,0
DA:93,0
DA:95,0
DA:96,0
DA:97,0
DA:98,0
DA:101,0
DA:102,0
DA:103,0
LF:47
LH:11
BRDA:23,0,0,0
BRDA:41,1,0,0
BRDA:41,1,1,0
BRDA:45,2,0,0
BRDA:45,2,1,0
BRDA:46,3,0,0
BRDA:46,3,1,0
BRDA:52,4,0,0
BRDA:52,4,1,0
BRDA:53,5,0,0
BRDA:53,5,1,0
BRDA:58,6,0,0
BRDA:58,6,1,0
BRDA:59,7,0,0
BRDA:59,7,1,0
BRDA:67,8,0,0
BRDA:67,8,1,0
BRDA:69,9,0,0
BRDA:69,9,1,0
BRDA:79,10,0,0
BRDA:79,10,1,0
BRDA:81,11,0,0
BRDA:81,11,1,0
BRDA:90,12,0,0
BRDA:90,12,1,0
BRDA:93,13,0,0
BRDA:93,13,1,0
BRDA:95,14,0,0
BRDA:95,14,1,0
BRF:29
BRH:0
end_of_record
